<?xml version="1.0" encoding="UTF-8"?>
<!-- Generated by org.testng.reporters.JUnitReportReporter -->
<testsuite hostname="DESKTOP-UGML7R2" failures="0" tests="2" name="demo.fsit1" time="24.264" errors="0" timestamp="2020-09-27T00:44:08 PDT" skipped="0">
  <testcase classname="demo.fsit1" name="f" time="13.910"/>
  <system-out/>
  <testcase classname="demo.fsit1" name="f" time="10.354"/>
  <system-out/>
</testsuite> <!-- demo.fsit1 -->
